<?xml version="1.0" encoding="UTF-8"?>
<!-- Generated by org.testng.reporters.JUnitXMLReporter -->
<testsuite hostname="YLMF-1910221436" name="登录失败测试：数据驱动" tests="2" failures="2" timestamp="14 Nov 2019 01:41:05 GMT" time="17.157" errors="0">
  <testcase name="@AfterTest tearDown" time="0.0" classname="org.webdriver.mindaiappui.cases.LoginTest">
    <failure type="java.lang.NullPointerException">
      <![CDATA[java.lang.NullPointerException
	at org.webdriver.mindaiappui.utils.TestBaseCase.tearDown(TestBaseCase.java:70)
... Removed 22 stack frames]]>
    </failure>
  </testcase> <!-- @AfterTest tearDown -->
  <testcase name="loginFail" time="5.248" classname="org.webdriver.mindaiappui.cases.LoginTest">
    <failure type="java.lang.NullPointerException">
      <![CDATA[java.lang.NullPointerException
	at com.google.common.base.Preconditions.checkNotNull(Preconditions.java:212)
	at org.openqa.selenium.support.ui.FluentWait.<init>(FluentWait.java:102)
	at org.openqa.selenium.support.ui.WebDriverWait.<init>(WebDriverWait.java:71)
	at org.openqa.selenium.support.ui.WebDriverWait.<init>(WebDriverWait.java:45)
	at org.webdriver.mindaiappui.utils.ElementAction.findElements(ElementAction.java:638)
	at org.webdriver.mindaiappui.utils.ElementAction.isElementsPresent(ElementAction.java:586)
	at org.webdriver.mindaiappui.cases.LoginTest.loginFail(LoginTest.java:40)
... Removed 24 stack frames]]>
    </failure>
  </testcase> <!-- loginFail -->
  <testcase name="loginFail" time="5.622" classname="org.webdriver.mindaiappui.cases.LoginTest">
    <failure type="java.lang.NullPointerException">
      <![CDATA[java.lang.NullPointerException
	at org.webdriver.mindaiappui.utils.ScreenShot.takeScreenshot(ScreenShot.java:23)
	at org.webdriver.mindaiappui.utils.ScreenShot.takeScreenshot(ScreenShot.java:39)
	at org.webdriver.mindaiappui.utils.TestListener.onTestFailure(TestListener.java:50)
... Removed 21 stack frames]]>
    </failure>
  </testcase> <!-- loginFail -->
</testsuite> <!-- 登录失败测试：数据驱动 -->
