<?xml version="1.0" encoding="UTF-8"?>
<!-- Generated by org.testng.reporters.JUnitXMLReporter -->
<testsuite hostname="hepeng" name="登录失败测试：数据驱动" tests="2" failures="1" timestamp="24 Apr 2018 14:36:25 GMT" time="76.901" errors="0">
  <testcase name="loginFail" time="24.413" classname="org.webdriver.mindaiappui.cases.LoginTest"/>
  <testcase name="loginFail" time="27.977" classname="org.webdriver.mindaiappui.cases.LoginTest">
    <failure type="org.openqa.selenium.WebDriverException" message="An unknown server-side error occurred while processing the command. (WARNING: The server did not provide any stacktrace information)
Command duration or timeout: 371 milliseconds
Build info: version: &amp;apos;2.53.1&amp;apos;, revision: &amp;apos;a36b8b1cd5757287168e54b817830adce9b0158d&amp;apos;, time: &amp;apos;2016-06-30 19:26:09&amp;apos;
System info: host: &amp;apos;hepeng&amp;apos;, ip: &amp;apos;192.168.3.81&amp;apos;, os.name: &amp;apos;Windows 7&amp;apos;, os.arch: &amp;apos;amd64&amp;apos;, os.version: &amp;apos;6.1&amp;apos;, java.version: &amp;apos;1.8.0_91&amp;apos;
Driver info: io.appium.java_client.android.AndroidDriver
Capabilities [{app=F:\Android\mindaiAppUi\apps\mdcn_420.apk, appActivity=.activity.WelcomeActivity, noReset=True, noSign=True, platformVersion=7.0, automationName=uiautomator2, unicodeKeyboard=True, platformName=Android, deviceName=Android Emulator, appMainPackage=com.mdcn.mdonline, resetKeyboard=True, platform=ANY}]
Session ID: c885bca1-f115-4796-9572-280f0d44a91a">
      <![CDATA[org.openqa.selenium.WebDriverException: An unknown server-side error occurred while processing the command. (WARNING: The server did not provide any stacktrace information)
Command duration or timeout: 371 milliseconds
Build info: version: '2.53.1', revision: 'a36b8b1cd5757287168e54b817830adce9b0158d', time: '2016-06-30 19:26:09'
System info: host: 'hepeng', ip: '192.168.3.81', os.name: 'Windows 7', os.arch: 'amd64', os.version: '6.1', java.version: '1.8.0_91'
Driver info: io.appium.java_client.android.AndroidDriver
Capabilities [{app=F:\Android\mindaiAppUi\apps\mdcn_420.apk, appActivity=.activity.WelcomeActivity, noReset=True, noSign=True, platformVersion=7.0, automationName=uiautomator2, unicodeKeyboard=True, platformName=Android, deviceName=Android Emulator, appMainPackage=com.mdcn.mdonline, resetKeyboard=True, platform=ANY}]
Session ID: c885bca1-f115-4796-9572-280f0d44a91a
	at org.openqa.selenium.remote.ErrorHandler.createThrowable(ErrorHandler.java:206)
	at org.openqa.selenium.remote.ErrorHandler.throwIfResponseFailed(ErrorHandler.java:158)
	at org.openqa.selenium.remote.RemoteWebDriver.execute(RemoteWebDriver.java:678)
	at io.appium.java_client.DefaultGenericMobileDriver.execute(DefaultGenericMobileDriver.java:51)
	at io.appium.java_client.AppiumDriver.execute(AppiumDriver.java:1)
	at io.appium.java_client.android.AndroidDriver.execute(AndroidDriver.java:1)
	at io.appium.java_client.AppiumDriver.performTouchAction(AppiumDriver.java:369)
	at io.appium.java_client.TouchAction.perform(TouchAction.java:323)
	at org.webdriver.mindaiappui.action.GesturecipherAction.<init>(GesturecipherAction.java:41)
	at org.webdriver.mindaiappui.cases.LoginTest.loginFail(LoginTest.java:59)
... Removed 31 stack frames]]>
    </failure>
  </testcase> <!-- loginFail -->
</testsuite> <!-- 登录失败测试：数据驱动 -->
