<?xml version="1.0" encoding="UTF-8"?>
<testng-results skipped="0" failed="1" total="2" passed="1">
  <reporter-output>
  </reporter-output>
  <suite name="Suite" duration-ms="76901" started-at="2018-04-24T14:35:08Z" finished-at="2018-04-24T14:36:25Z">
    <groups>
    </groups>
    <test name="登录失败测试：数据驱动" duration-ms="76901" started-at="2018-04-24T14:35:08Z" finished-at="2018-04-24T14:36:25Z">
      <class name="org.webdriver.mindaiappui.cases.LoginTest">
        <test-method status="PASS" signature="setup(java.lang.String, java.lang.String, java.lang.String, java.lang.String, java.lang.String, java.lang.String, java.lang.String, java.lang.String)[pri:0, instance:org.webdriver.mindaiappui.cases.LoginTest@12405818]" name="setup" is-config="true" duration-ms="22200" started-at="2018-04-24T22:35:08Z" finished-at="2018-04-24T22:35:30Z">
          <params>
            <param index="0">
              <value>
                <![CDATA[AndroidDriver]]>
              </value>
            </param>
            <param index="1">
              <value>
                <![CDATA[127.0.0.1:4723]]>
              </value>
            </param>
            <param index="2">
              <value>
                <![CDATA[mdcn_420.apk]]>
              </value>
            </param>
            <param index="3">
              <value>
                <![CDATA[Android Emulator]]>
              </value>
            </param>
            <param index="4">
              <value>
                <![CDATA[7.0]]>
              </value>
            </param>
            <param index="5">
              <value>
                <![CDATA[com.mdcn.mdonline]]>
              </value>
            </param>
            <param index="6">
              <value>
                <![CDATA[.activity.WelcomeActivity]]>
              </value>
            </param>
            <param index="7">
              <value>
                <![CDATA[Android]]>
              </value>
            </param>
          </params>
          <reporter-output>
          </reporter-output>
        </test-method> <!-- setup -->
        <test-method status="PASS" signature="beforeclass()[pri:0, instance:org.webdriver.mindaiappui.cases.LoginTest@12405818]" name="beforeclass" is-config="true" duration-ms="0" started-at="2018-04-24T22:35:30Z" finished-at="2018-04-24T22:35:30Z">
          <reporter-output>
          </reporter-output>
        </test-method> <!-- beforeclass -->
        <test-method status="PASS" signature="loginFail(java.lang.String, java.lang.String, java.lang.String, java.lang.String)[pri:0, instance:org.webdriver.mindaiappui.cases.LoginTest@12405818]" name="loginFail" duration-ms="24413" started-at="2018-04-24T22:35:30Z" description="登录失败用例" data-provider="longinData" finished-at="2018-04-24T22:35:55Z">
          <params>
            <param index="0">
              <value>
                <![CDATA[13610015232]]>
              </value>
            </param>
            <param index="1">
              <value>
                <![CDATA[123444]]>
              </value>
            </param>
            <param index="2">
              <value>
                <![CDATA[帐号或密码不正确，请重新输入]]>
              </value>
            </param>
            <param index="3">
              <value>
                <![CDATA[设置手势密码成功]]>
              </value>
            </param>
          </params>
          <reporter-output>
          </reporter-output>
        </test-method> <!-- loginFail -->
        <test-method status="FAIL" signature="loginFail(java.lang.String, java.lang.String, java.lang.String, java.lang.String)[pri:0, instance:org.webdriver.mindaiappui.cases.LoginTest@12405818]" name="loginFail" duration-ms="27977" started-at="2018-04-24T22:35:55Z" description="登录失败用例" data-provider="longinData" finished-at="2018-04-24T22:36:23Z">
          <params>
            <param index="0">
              <value>
                <![CDATA[13610015232]]>
              </value>
            </param>
            <param index="1">
              <value>
                <![CDATA[123456]]>
              </value>
            </param>
            <param index="2">
              <value>
                <![CDATA[登录成功]]>
              </value>
            </param>
            <param index="3">
              <value>
                <![CDATA[设置手势密码成功]]>
              </value>
            </param>
          </params>
          <exception class="org.openqa.selenium.WebDriverException">
            <message>
              <![CDATA[An unknown server-side error occurred while processing the command. (WARNING: The server did not provide any stacktrace information)
Command duration or timeout: 371 milliseconds
Build info: version: '2.53.1', revision: 'a36b8b1cd5757287168e54b817830adce9b0158d', time: '2016-06-30 19:26:09'
System info: host: 'hepeng', ip: '192.168.3.81', os.name: 'Windows 7', os.arch: 'amd64', os.version: '6.1', java.version: '1.8.0_91'
Driver info: io.appium.java_client.android.AndroidDriver
Capabilities [{app=F:\Android\mindaiAppUi\apps\mdcn_420.apk, appActivity=.activity.WelcomeActivity, noReset=True, noSign=True, platformVersion=7.0, automationName=uiautomator2, unicodeKeyboard=True, platformName=Android, deviceName=Android Emulator, appMainPackage=com.mdcn.mdonline, resetKeyboard=True, platform=ANY}]
Session ID: c885bca1-f115-4796-9572-280f0d44a91a]]>
            </message>
            <full-stacktrace>
              <![CDATA[org.openqa.selenium.WebDriverException: An unknown server-side error occurred while processing the command. (WARNING: The server did not provide any stacktrace information)
Command duration or timeout: 371 milliseconds
Build info: version: '2.53.1', revision: 'a36b8b1cd5757287168e54b817830adce9b0158d', time: '2016-06-30 19:26:09'
System info: host: 'hepeng', ip: '192.168.3.81', os.name: 'Windows 7', os.arch: 'amd64', os.version: '6.1', java.version: '1.8.0_91'
Driver info: io.appium.java_client.android.AndroidDriver
Capabilities [{app=F:\Android\mindaiAppUi\apps\mdcn_420.apk, appActivity=.activity.WelcomeActivity, noReset=True, noSign=True, platformVersion=7.0, automationName=uiautomator2, unicodeKeyboard=True, platformName=Android, deviceName=Android Emulator, appMainPackage=com.mdcn.mdonline, resetKeyboard=True, platform=ANY}]
Session ID: c885bca1-f115-4796-9572-280f0d44a91a
	at sun.reflect.NativeConstructorAccessorImpl.newInstance0(Native Method)
	at sun.reflect.NativeConstructorAccessorImpl.newInstance(NativeConstructorAccessorImpl.java:62)
	at sun.reflect.DelegatingConstructorAccessorImpl.newInstance(DelegatingConstructorAccessorImpl.java:45)
	at java.lang.reflect.Constructor.newInstance(Constructor.java:423)
	at org.openqa.selenium.remote.ErrorHandler.createThrowable(ErrorHandler.java:206)
	at org.openqa.selenium.remote.ErrorHandler.throwIfResponseFailed(ErrorHandler.java:158)
	at org.openqa.selenium.remote.RemoteWebDriver.execute(RemoteWebDriver.java:678)
	at io.appium.java_client.DefaultGenericMobileDriver.execute(DefaultGenericMobileDriver.java:51)
	at io.appium.java_client.AppiumDriver.execute(AppiumDriver.java:1)
	at io.appium.java_client.android.AndroidDriver.execute(AndroidDriver.java:1)
	at io.appium.java_client.AppiumDriver.performTouchAction(AppiumDriver.java:369)
	at io.appium.java_client.TouchAction.perform(TouchAction.java:323)
	at org.webdriver.mindaiappui.action.GesturecipherAction.<init>(GesturecipherAction.java:41)
	at org.webdriver.mindaiappui.cases.LoginTest.loginFail(LoginTest.java:59)
	at sun.reflect.NativeMethodAccessorImpl.invoke0(Native Method)
	at sun.reflect.NativeMethodAccessorImpl.invoke(NativeMethodAccessorImpl.java:62)
	at sun.reflect.DelegatingMethodAccessorImpl.invoke(DelegatingMethodAccessorImpl.java:43)
	at java.lang.reflect.Method.invoke(Method.java:498)
	at org.testng.internal.MethodInvocationHelper.invokeMethod(MethodInvocationHelper.java:85)
	at org.testng.internal.Invoker.invokeMethod(Invoker.java:639)
	at org.testng.internal.Invoker.invokeTestMethod(Invoker.java:821)
	at org.testng.internal.Invoker.invokeTestMethods(Invoker.java:1131)
	at org.testng.internal.TestMethodWorker.invokeTestMethods(TestMethodWorker.java:125)
	at org.testng.internal.TestMethodWorker.run(TestMethodWorker.java:108)
	at org.testng.TestRunner.privateRun(TestRunner.java:773)
	at org.testng.TestRunner.run(TestRunner.java:623)
	at org.testng.SuiteRunner.runTest(SuiteRunner.java:357)
	at org.testng.SuiteRunner.runSequentially(SuiteRunner.java:352)
	at org.testng.SuiteRunner.privateRun(SuiteRunner.java:310)
	at org.testng.SuiteRunner.run(SuiteRunner.java:259)
	at org.testng.SuiteRunnerWorker.runSuite(SuiteRunnerWorker.java:52)
	at org.testng.SuiteRunnerWorker.run(SuiteRunnerWorker.java:86)
	at org.testng.TestNG.runSuitesSequentially(TestNG.java:1185)
	at org.testng.TestNG.runSuitesLocally(TestNG.java:1110)
	at org.testng.TestNG.run(TestNG.java:1018)
	at org.apache.maven.surefire.testng.TestNGExecutor.run(TestNGExecutor.java:295)
	at org.apache.maven.surefire.testng.TestNGXmlTestSuite.execute(TestNGXmlTestSuite.java:84)
	at org.apache.maven.surefire.testng.TestNGProvider.invoke(TestNGProvider.java:90)
	at org.apache.maven.surefire.booter.ForkedBooter.invokeProviderInSameClassLoader(ForkedBooter.java:203)
	at org.apache.maven.surefire.booter.ForkedBooter.runSuitesInProcess(ForkedBooter.java:155)
	at org.apache.maven.surefire.booter.ForkedBooter.main(ForkedBooter.java:103)
]]>
            </full-stacktrace>
          </exception> <!-- org.openqa.selenium.WebDriverException -->
          <reporter-output>
          </reporter-output>
        </test-method> <!-- loginFail -->
        <test-method status="PASS" signature="tearDown()[pri:0, instance:org.webdriver.mindaiappui.cases.LoginTest@12405818]" name="tearDown" is-config="true" duration-ms="534" started-at="2018-04-24T22:36:24Z" finished-at="2018-04-24T22:36:25Z">
          <reporter-output>
          </reporter-output>
        </test-method> <!-- tearDown -->
      </class> <!-- org.webdriver.mindaiappui.cases.LoginTest -->
    </test> <!-- 登录失败测试：数据驱动 -->
  </suite> <!-- Suite -->
</testng-results>
